<?xml version="1.0" encoding="UTF-8" ?>
<testsuite tests="34" failures="0" name="com.tk20.qa.runtest.TestRunner" time="2.732" errors="8" skipped="23">
  <properties>
[...]
</properties>
  <testcase classname="Scenario: Check wheather assignment is displayed under &apos;Assigments&apos; sidemenu." name="Given Open browser and login to the application." time="0.026">
    <error message="timeout
  (Session info: chrome=63.0.3239.132)
  (Driver info: chromedriver=2.32.498550 (9dec58e66c31bcc53a9ce3c7226f0c1c5810906a),platform=Windows NT 10.0.16299 x86_64) (WARNING: The server did not provide any stacktrace information)
Command duration or timeout: 0 milliseconds
Build info: version: &apos;3.8.1&apos;, revision: &apos;6e95a6684b&apos;, time: &apos;2017-12-01T18:33:54.468Z&apos;
System info: host: &apos;LP0039&apos;, ip: &apos;192.168.20.174&apos;, os.name: &apos;Windows 10&apos;, os.arch: &apos;amd64&apos;, os.version: &apos;10.0&apos;, java.version: &apos;1.8.0_151&apos;
Driver info: org.openqa.selenium.chrome.ChromeDriver
Capabilities {acceptSslCerts: true, applicationCacheEnabled: false, browserConnectionEnabled: false, browserName: chrome, chrome: {chromedriverVersion: 2.32.498550 (9dec58e66c31bc..., userDataDir: C:\Users\akakkar\AppData\Lo...}, cssSelectorsEnabled: true, databaseEnabled: false, handlesAlerts: true, hasTouchScreen: false, javascriptEnabled: true, locationContextEnabled: true, mobileEmulationEnabled: false, nativeEvents: true, networkConnectionEnabled: false, pageLoadStrategy: normal, platform: XP, platformName: XP, rotatable: false, setWindowRect: true, takesHeapSnapshot: true, takesScreenshot: true, unexpectedAlertBehaviour: , unhandledPromptBehavior: , version: 63.0.3239.132, webStorageEnabled: true}
Session ID: d1ee97cc954f63e0617f35ef3a63b63f" type="org.openqa.selenium.TimeoutException">org.openqa.selenium.TimeoutException: timeout
  (Session info: chrome=63.0.3239.132)
  (Driver info: chromedriver=2.32.498550 (9dec58e66c31bcc53a9ce3c7226f0c1c5810906a),platform=Windows NT 10.0.16299 x86_64) (WARNING: The server did not provide any stacktrace information)
Command duration or timeout: 0 milliseconds
Build info: version: &apos;3.8.1&apos;, revision: &apos;6e95a6684b&apos;, time: &apos;2017-12-01T18:33:54.468Z&apos;
System info: host: &apos;LP0039&apos;, ip: &apos;192.168.20.174&apos;, os.name: &apos;Windows 10&apos;, os.arch: &apos;amd64&apos;, os.version: &apos;10.0&apos;, java.version: &apos;1.8.0_151&apos;
Driver info: org.openqa.selenium.chrome.ChromeDriver
Capabilities {acceptSslCerts: true, applicationCacheEnabled: false, browserConnectionEnabled: false, browserName: chrome, chrome: {chromedriverVersion: 2.32.498550 (9dec58e66c31bc..., userDataDir: C:\Users\akakkar\AppData\Lo...}, cssSelectorsEnabled: true, databaseEnabled: false, handlesAlerts: true, hasTouchScreen: false, javascriptEnabled: true, locationContextEnabled: true, mobileEmulationEnabled: false, nativeEvents: true, networkConnectionEnabled: false, pageLoadStrategy: normal, platform: XP, platformName: XP, rotatable: false, setWindowRect: true, takesHeapSnapshot: true, takesScreenshot: true, unexpectedAlertBehaviour: , unhandledPromptBehavior: , version: 63.0.3239.132, webStorageEnabled: true}
Session ID: d1ee97cc954f63e0617f35ef3a63b63f
	at sun.reflect.NativeConstructorAccessorImpl.newInstance0(Native Method)
	at sun.reflect.NativeConstructorAccessorImpl.newInstance(Unknown Source)
	at sun.reflect.DelegatingConstructorAccessorImpl.newInstance(Unknown Source)
	at java.lang.reflect.Constructor.newInstance(Unknown Source)
	at org.openqa.selenium.remote.ErrorHandler.createThrowable(ErrorHandler.java:214)
	at org.openqa.selenium.remote.ErrorHandler.throwIfResponseFailed(ErrorHandler.java:166)
	at org.openqa.selenium.remote.http.JsonHttpResponseCodec.reconstructValue(JsonHttpResponseCodec.java:40)
	at org.openqa.selenium.remote.http.AbstractHttpResponseCodec.decode(AbstractHttpResponseCodec.java:80)
	at org.openqa.selenium.remote.http.AbstractHttpResponseCodec.decode(AbstractHttpResponseCodec.java:44)
	at org.openqa.selenium.remote.HttpCommandExecutor.execute(HttpCommandExecutor.java:164)
	at org.openqa.selenium.remote.service.DriverCommandExecutor.execute(DriverCommandExecutor.java:83)
	at org.openqa.selenium.remote.RemoteWebDriver.execute(RemoteWebDriver.java:601)
	at org.openqa.selenium.remote.RemoteWebDriver.get(RemoteWebDriver.java:325)
	at sun.reflect.NativeMethodAccessorImpl.invoke0(Native Method)
	at sun.reflect.NativeMethodAccessorImpl.invoke(Unknown Source)
	at sun.reflect.DelegatingMethodAccessorImpl.invoke(Unknown Source)
	at java.lang.reflect.Method.invoke(Unknown Source)
	at org.openqa.selenium.support.events.EventFiringWebDriver$2.invoke(EventFiringWebDriver.java:108)
	at com.sun.proxy.$Proxy17.get(Unknown Source)
	at org.openqa.selenium.support.events.EventFiringWebDriver.get(EventFiringWebDriver.java:167)
	at com.tk20.qa.base.TestBase.initialization(TestBase.java:199)
	at com.tk20.qa.testcases.ApplicationAssignmentSubmissionTest.open_browser_and_login_to_the_application(ApplicationAssignmentSubmissionTest.java:31)
	at ✽.Given Open browser and login to the application.(E:/Selenium Project Folder/WorkBook 4/CucumberProjectTestNG/Features/AssignmentSubmission.feature:8)
</error>
    <system-out>Feature: Submit an assignment
  Assignment should not be submitted without attaching any file or artifact
  Assignment should not be submitted until submit button is clicked.
  If user has attached a file or an artifact then on clicking submit button assigment should be submitted.
Before navigating to: &apos;https://testing1.tk20.com&apos;
Exception occured: org.openqa.selenium.TimeoutException: timeout
  (Session info: chrome=63.0.3239.132)
  (Driver info: chromedriver=2.32.498550 (9dec58e66c31bcc53a9ce3c7226f0c1c5810906a),platform=Windows NT 10.0.16299 x86_64) (WARNING: The server did not provide any stacktrace information)
Command duration or timeout: 0 milliseconds
Build info: version: &apos;3.8.1&apos;, revision: &apos;6e95a6684b&apos;, time: &apos;2017-12-01T18:33:54.468Z&apos;
System info: host: &apos;LP0039&apos;, ip: &apos;192.168.20.174&apos;, os.name: &apos;Windows 10&apos;, os.arch: &apos;amd64&apos;, os.version: &apos;10.0&apos;, java.version: &apos;1.8.0_151&apos;
Driver info: org.openqa.selenium.chrome.ChromeDriver
Capabilities {acceptSslCerts: true, applicationCacheEnabled: false, browserConnectionEnabled: false, browserName: chrome, chrome: {chromedriverVersion: 2.32.498550 (9dec58e66c31bc..., userDataDir: C:\Users\akakkar\AppData\Lo...}, cssSelectorsEnabled: true, databaseEnabled: false, handlesAlerts: true, hasTouchScreen: false, javascriptEnabled: true, locationContextEnabled: true, mobileEmulationEnabled: false, nativeEvents: true, networkConnectionEnabled: false, pageLoadStrategy: normal, platform: XP, platformName: XP, rotatable: false, setWindowRect: true, takesHeapSnapshot: true, takesScreenshot: true, unexpectedAlertBehaviour: , unhandledPromptBehavior: , version: 63.0.3239.132, webStorageEnabled: true}
Session ID: d1ee97cc954f63e0617f35ef3a63b63f
********************************
****
E:\Selenium Project Folder\WorkBook 4\CucumberProjectTestNG\Screenshots\screenshot1517308539958.png
********************************
</system-out>
    <system-err>Jan 30, 2018 3:58:11 PM com.tk20.qa.util.Log info
INFO: Open browser and start testing.
Jan 30, 2018 3:58:12 PM org.openqa.selenium.remote.DesiredCapabilities chrome
INFO: Using `new ChromeOptions()` is preferred to `DesiredCapabilities.chrome()`
Starting ChromeDriver 2.32.498550 (9dec58e66c31bcc53a9ce3c7226f0c1c5810906a) on port 24371
Only local connections are allowed.
Jan 30, 2018 3:58:21 PM org.openqa.selenium.remote.ProtocolHandshake createSession
INFO: Detected dialect: OSS
[48.009][SEVERE]: Timed out receiving message from renderer: 37.888
[48.018][SEVERE]: Timed out receiving message from renderer: -0.036
</system-err>
  </testcase>
  <testcase classname="Scenario: Check wheather assignment is displayed under &apos;Assigments&apos; sidemenu." name="Scenario: Check wheather assignment is displayed under &apos;Assigments&apos; sidemenu." time="0.032">
    <error message="timeout
  (Session info: chrome=63.0.3239.132)
  (Driver info: chromedriver=2.32.498550 (9dec58e66c31bcc53a9ce3c7226f0c1c5810906a),platform=Windows NT 10.0.16299 x86_64) (WARNING: The server did not provide any stacktrace information)
Command duration or timeout: 0 milliseconds
Build info: version: &apos;3.8.1&apos;, revision: &apos;6e95a6684b&apos;, time: &apos;2017-12-01T18:33:54.468Z&apos;
System info: host: &apos;LP0039&apos;, ip: &apos;192.168.20.174&apos;, os.name: &apos;Windows 10&apos;, os.arch: &apos;amd64&apos;, os.version: &apos;10.0&apos;, java.version: &apos;1.8.0_151&apos;
Driver info: org.openqa.selenium.chrome.ChromeDriver
Capabilities {acceptSslCerts: true, applicationCacheEnabled: false, browserConnectionEnabled: false, browserName: chrome, chrome: {chromedriverVersion: 2.32.498550 (9dec58e66c31bc..., userDataDir: C:\Users\akakkar\AppData\Lo...}, cssSelectorsEnabled: true, databaseEnabled: false, handlesAlerts: true, hasTouchScreen: false, javascriptEnabled: true, locationContextEnabled: true, mobileEmulationEnabled: false, nativeEvents: true, networkConnectionEnabled: false, pageLoadStrategy: normal, platform: XP, platformName: XP, rotatable: false, setWindowRect: true, takesHeapSnapshot: true, takesScreenshot: true, unexpectedAlertBehaviour: , unhandledPromptBehavior: , version: 63.0.3239.132, webStorageEnabled: true}
Session ID: d1ee97cc954f63e0617f35ef3a63b63f" type="org.openqa.selenium.TimeoutException">org.openqa.selenium.TimeoutException: timeout
  (Session info: chrome=63.0.3239.132)
  (Driver info: chromedriver=2.32.498550 (9dec58e66c31bcc53a9ce3c7226f0c1c5810906a),platform=Windows NT 10.0.16299 x86_64) (WARNING: The server did not provide any stacktrace information)
Command duration or timeout: 0 milliseconds
Build info: version: &apos;3.8.1&apos;, revision: &apos;6e95a6684b&apos;, time: &apos;2017-12-01T18:33:54.468Z&apos;
System info: host: &apos;LP0039&apos;, ip: &apos;192.168.20.174&apos;, os.name: &apos;Windows 10&apos;, os.arch: &apos;amd64&apos;, os.version: &apos;10.0&apos;, java.version: &apos;1.8.0_151&apos;
Driver info: org.openqa.selenium.chrome.ChromeDriver
Capabilities {acceptSslCerts: true, applicationCacheEnabled: false, browserConnectionEnabled: false, browserName: chrome, chrome: {chromedriverVersion: 2.32.498550 (9dec58e66c31bc..., userDataDir: C:\Users\akakkar\AppData\Lo...}, cssSelectorsEnabled: true, databaseEnabled: false, handlesAlerts: true, hasTouchScreen: false, javascriptEnabled: true, locationContextEnabled: true, mobileEmulationEnabled: false, nativeEvents: true, networkConnectionEnabled: false, pageLoadStrategy: normal, platform: XP, platformName: XP, rotatable: false, setWindowRect: true, takesHeapSnapshot: true, takesScreenshot: true, unexpectedAlertBehaviour: , unhandledPromptBehavior: , version: 63.0.3239.132, webStorageEnabled: true}
Session ID: d1ee97cc954f63e0617f35ef3a63b63f
	at sun.reflect.NativeConstructorAccessorImpl.newInstance0(Native Method)
	at sun.reflect.NativeConstructorAccessorImpl.newInstance(Unknown Source)
	at sun.reflect.DelegatingConstructorAccessorImpl.newInstance(Unknown Source)
	at java.lang.reflect.Constructor.newInstance(Unknown Source)
	at org.openqa.selenium.remote.ErrorHandler.createThrowable(ErrorHandler.java:214)
	at org.openqa.selenium.remote.ErrorHandler.throwIfResponseFailed(ErrorHandler.java:166)
	at org.openqa.selenium.remote.http.JsonHttpResponseCodec.reconstructValue(JsonHttpResponseCodec.java:40)
	at org.openqa.selenium.remote.http.AbstractHttpResponseCodec.decode(AbstractHttpResponseCodec.java:80)
	at org.openqa.selenium.remote.http.AbstractHttpResponseCodec.decode(AbstractHttpResponseCodec.java:44)
	at org.openqa.selenium.remote.HttpCommandExecutor.execute(HttpCommandExecutor.java:164)
	at org.openqa.selenium.remote.service.DriverCommandExecutor.execute(DriverCommandExecutor.java:83)
	at org.openqa.selenium.remote.RemoteWebDriver.execute(RemoteWebDriver.java:601)
	at org.openqa.selenium.remote.RemoteWebDriver.get(RemoteWebDriver.java:325)
	at sun.reflect.NativeMethodAccessorImpl.invoke0(Native Method)
	at sun.reflect.NativeMethodAccessorImpl.invoke(Unknown Source)
	at sun.reflect.DelegatingMethodAccessorImpl.invoke(Unknown Source)
	at java.lang.reflect.Method.invoke(Unknown Source)
	at org.openqa.selenium.support.events.EventFiringWebDriver$2.invoke(EventFiringWebDriver.java:108)
	at com.sun.proxy.$Proxy17.get(Unknown Source)
	at org.openqa.selenium.support.events.EventFiringWebDriver.get(EventFiringWebDriver.java:167)
	at com.tk20.qa.base.TestBase.initialization(TestBase.java:199)
	at com.tk20.qa.testcases.ApplicationAssignmentSubmissionTest.open_browser_and_login_to_the_application(ApplicationAssignmentSubmissionTest.java:31)
	at ✽.Given Open browser and login to the application.(E:/Selenium Project Folder/WorkBook 4/CucumberProjectTestNG/Features/AssignmentSubmission.feature:8)
</error>
  </testcase>
  <testcase classname="Scenario: Check wheather assignment is displayed under &apos;Assigments&apos; sidemenu." name="When User clicks &apos;Courses&apos; sidemenu" time="0.472">
    <skipped/>
  </testcase>
  <testcase classname="Scenario: Check wheather assignment is displayed under &apos;Assigments&apos; sidemenu." name="Then Application navigates to Courses &gt; My Courses sie menu" time="0.476">
    <skipped/>
  </testcase>
  <testcase classname="Scenario: Check wheather assignment is displayed under &apos;Assigments&apos; sidemenu." name="When User clicks &apos;Coursework&apos; sidemenu." time="0.48">
    <skipped/>
  </testcase>
  <testcase classname="Scenario: Check wheather assignment is displayed under &apos;Assigments&apos; sidemenu." name="Then Application navigates to &apos;Assignments&apos; side menu" time="0.483">
    <skipped/>
  </testcase>
  <testcase classname="Scenario: Check wheather assignment is displayed under &apos;Assigments&apos; sidemenu." name="And Assignment is displayed on the page and name of assignment is in link form" time="0.488">
    <skipped/>
  </testcase>
  <testcase classname="Scenario: Check whether user has attached an artifact within assignment" name="Given I am on assignment side menu" time="0"/>
  <testcase classname="Scenario: Check whether user has attached an artifact within assignment" name="When I clicked on name of an assignment" time="0.001">
    <error type="java.lang.NullPointerException">java.lang.NullPointerException
	at com.tk20.qa.testcases.ApplicationAssignmentSubmissionTest.i_clicked_on_name_of_an_assignment(ApplicationAssignmentSubmissionTest.java:87)
	at ✽.When I clicked on name of an assignment(E:/Selenium Project Folder/WorkBook 4/CucumberProjectTestNG/Features/AssignmentSubmission.feature:18)
</error>
    <system-err>Jan 30, 2018 4:05:43 PM com.tk20.qa.util.Log info
INFO: Click on link of an assignment.
</system-err>
  </testcase>
  <testcase classname="Scenario: Check whether user has attached an artifact within assignment" name="Scenario: Check whether user has attached an artifact within assignment" time="0.001">
    <error type="java.lang.NullPointerException">java.lang.NullPointerException
	at com.tk20.qa.testcases.ApplicationAssignmentSubmissionTest.i_clicked_on_name_of_an_assignment(ApplicationAssignmentSubmissionTest.java:87)
	at ✽.When I clicked on name of an assignment(E:/Selenium Project Folder/WorkBook 4/CucumberProjectTestNG/Features/AssignmentSubmission.feature:18)
</error>
  </testcase>
  <testcase classname="Scenario: Check whether user has attached an artifact within assignment" name="Then application navigates and displayed assignment details page" time="0.006">
    <skipped/>
  </testcase>
  <testcase classname="Scenario: Check whether user has attached an artifact within assignment" name="When I clicked select button corresponing to an artifact" time="0.01">
    <skipped/>
  </testcase>
  <testcase classname="Scenario: Check whether user has attached an artifact within assignment" name="Then An artifact form is displayed in editable mode" time="0.015">
    <skipped/>
  </testcase>
  <testcase classname="Scenario: Enter data in the form and save it" name="Given I am on the Form page" time="0.003"/>
  <testcase classname="Scenario: Enter data in the form and save it" name="When I selected date for &apos;Date&apos; type entry" time="0"/>
  <testcase classname="Scenario: Enter data in the form and save it" name="And I input value for &apos;Decimal&apos; type entry" time="0">
    <error type="java.lang.NullPointerException">java.lang.NullPointerException
	at com.tk20.qa.testcases.ApplicationAssignmentSubmissionTest.i_input_value_for_Decimal_type_entry(ApplicationAssignmentSubmissionTest.java:126)
	at ✽.And I input value for &apos;Decimal&apos; type entry(E:/Selenium Project Folder/WorkBook 4/CucumberProjectTestNG/Features/AssignmentSubmission.feature:27)
</error>
    <system-err>Jan 30, 2018 4:05:47 PM com.tk20.qa.util.Log info
INFO: Enter decimal number.
</system-err>
  </testcase>
  <testcase classname="Scenario: Enter data in the form and save it" name="Scenario: Enter data in the form and save it" time="0">
    <error type="java.lang.NullPointerException">java.lang.NullPointerException
	at com.tk20.qa.testcases.ApplicationAssignmentSubmissionTest.i_input_value_for_Decimal_type_entry(ApplicationAssignmentSubmissionTest.java:126)
	at ✽.And I input value for &apos;Decimal&apos; type entry(E:/Selenium Project Folder/WorkBook 4/CucumberProjectTestNG/Features/AssignmentSubmission.feature:27)
</error>
  </testcase>
  <testcase classname="Scenario: Enter data in the form and save it" name="And I upload file for &apos;File&apos; type entry" time="0.002">
    <skipped/>
  </testcase>
  <testcase classname="Scenario: Enter data in the form and save it" name="And I select radio button for &apos;Likert&apos; type entry" time="0.005">
    <skipped/>
  </testcase>
  <testcase classname="Scenario: Enter data in the form and save it" name="And I select value from &apos;Dropdown&apos; type entry" time="0.007">
    <skipped/>
  </testcase>
  <testcase classname="Scenario: Enter data in the form and save it" name="And I select radio dutton for &apos;Radio&apos; type entry" time="0.009">
    <skipped/>
  </testcase>
  <testcase classname="Scenario: Enter data in the form and save it" name="And i select check box for &apos;Checkbox&apos; type entry" time="0.012">
    <skipped/>
  </testcase>
  <testcase classname="Scenario: Enter data in the form and save it" name="And I select first radio button for &apos;Rubric&apos; type entry" time="0.014">
    <skipped/>
  </testcase>
  <testcase classname="Scenario: Enter data in the form and save it" name="And I select second radio button for &apos;Rubric&apos; type entry" time="0.016">
    <skipped/>
  </testcase>
  <testcase classname="Scenario: Enter data in the form and save it" name="And I input text in &apos;Single Line Text&apos; tupe entry" time="0.018">
    <skipped/>
  </testcase>
  <testcase classname="Scenario: Enter data in the form and save it" name="And I press &quot;Add&quot; button" time="0.021">
    <skipped/>
  </testcase>
  <testcase classname="Scenario: Enter data in the form and save it" name="Then I should see &apos;Form saved&apos; and application navigates to Assignment details page." time="0.024">
    <skipped/>
  </testcase>
  <testcase classname="Scenario: Enter data in the form and save it" name="Then I submiited the assignment" time="0.026">
    <skipped/>
  </testcase>
  <testcase classname="Scenario: Enter data in the form and save it" name="And select yes for the submission alert message" time="0.028">
    <skipped/>
  </testcase>
  <testcase classname="Scenario: Recall assignment" name="When I selected checkbox corresponding to an assignment" time="0.001">
    <error type="java.lang.NullPointerException">java.lang.NullPointerException
	at com.tk20.qa.testcases.ApplicationAssignmentSubmissionTest.i_selected_checkbox_corresponding_to_an_assignment(ApplicationAssignmentSubmissionTest.java:211)
	at ✽.When I selected checkbox corresponding to an assignment(E:/Selenium Project Folder/WorkBook 4/CucumberProjectTestNG/Features/AssignmentSubmission.feature:44)
</error>
    <system-out>********************************
****
E:\Selenium Project Folder\WorkBook 4\CucumberProjectTestNG\Screenshots\screenshot1517308548354.png
********************************
Scenario failed

  # @tag3
  Scenario: Enter data in the form and save it                                           # E:/Selenium Project Folder/WorkBook 4/CucumberProjectTestNG/Features/AssignmentSubmission.feature:24
    Given I am on the Form page                                                          # ApplicationAssignmentSubmissionTest.i_am_on_the_Form_page()
    When I selected date for &apos;Date&apos; type entry                                           # ApplicationAssignmentSubmissionTest.i_selected_date_for_Date_type_entry()
    And I input value for &apos;Decimal&apos; type entry                                           # ApplicationAssignmentSubmissionTest.i_input_value_for_Decimal_type_entry()
      java.lang.NullPointerException
      	at com.tk20.qa.testcases.ApplicationAssignmentSubmissionTest.i_input_value_for_Decimal_type_entry(ApplicationAssignmentSubmissionTest.java:126)
      	at ?.And I input value for &apos;Decimal&apos; type entry(E:/Selenium Project Folder/WorkBook 4/CucumberProjectTestNG/Features/AssignmentSubmission.feature:27)

    And I upload file for &apos;File&apos; type entry                                              # ApplicationAssignmentSubmissionTest.i_upload_file_for_File_type_entry()
    And I select radio button for &apos;Likert&apos; type entry                                    # ApplicationAssignmentSubmissionTest.i_select_radio_button_for_Likert_type_entry()
    And I select value from &apos;Dropdown&apos; type entry                                        # ApplicationAssignmentSubmissionTest.i_select_value_from_Dropdown_type_entry()
    And I select radio dutton for &apos;Radio&apos; type entry                                     # ApplicationAssignmentSubmissionTest.i_select_radio_dutton_for_Radio_type_entry()
    And i select check box for &apos;Checkbox&apos; type entry                                     # ApplicationAssignmentSubmissionTest.i_select_check_box_for_Checkbox_type_entry()
    And I select first radio button for &apos;Rubric&apos; type entry                              # ApplicationAssignmentSubmissionTest.i_select_first_radio_button_for_Rubric_type_entry()
    And I select second radio button for &apos;Rubric&apos; type entry                             # ApplicationAssignmentSubmissionTest.i_select_second_radio_button_for_Rubric_type_entry()
    And I input text in &apos;Single Line Text&apos; tupe entry                                    # ApplicationAssignmentSubmissionTest.i_input_text_in_Single_Line_Text_tupe_entry()
    And I press &quot;Add&quot; button                                                             # ApplicationAssignmentSubmissionTest.i_press_button(String)
    Then I should see &apos;Form saved&apos; and application navigates to Assignment details page. # ApplicationAssignmentSubmissionTest.i_should_see_Form_saved_and_application_navigates_to_Assignment_details_page()
    Then I submiited the assignment                                                      # ApplicationAssignmentSubmissionTest.i_submiited_the_assignment()
    And select yes for the submission alert message                                      # ApplicationAssignmentSubmissionTest.select_yes_for_the_submission_alert_message()
</system-out>
    <system-err>Jan 30, 2018 4:05:48 PM com.tk20.qa.util.Log info
INFO: Select checkbox for an assignment
</system-err>
  </testcase>
  <testcase classname="Scenario: Recall assignment" name="Scenario: Recall assignment" time="0.005">
    <error type="java.lang.NullPointerException">java.lang.NullPointerException
	at com.tk20.qa.testcases.ApplicationAssignmentSubmissionTest.i_selected_checkbox_corresponding_to_an_assignment(ApplicationAssignmentSubmissionTest.java:211)
	at ✽.When I selected checkbox corresponding to an assignment(E:/Selenium Project Folder/WorkBook 4/CucumberProjectTestNG/Features/AssignmentSubmission.feature:44)
</error>
  </testcase>
  <testcase classname="Scenario: Recall assignment" name="And click &apos;Recall&apos; button" time="0.015">
    <skipped/>
  </testcase>
  <testcase classname="Scenario: Recall assignment" name="Then An assignment is recalled and pending flag is displayed corresponing to an assignment." time="0.017">
    <skipped/>
  </testcase>
  <testcase classname="Scenario: Recall assignment" name="And Close the brwser." time="0.019">
    <skipped/>
  </testcase>
</testsuite>